[debug] [2020-09-12T22:14:48.320Z] ----------------------------------------------------------------------
[debug] [2020-09-12T22:14:48.322Z] Command:       C:\Program Files\nodejs\node.exe C:\Users\Bahaa\AppData\Roaming\npm\node_modules\firebase-tools\lib\bin\firebase.js serve --only hosting
[debug] [2020-09-12T22:14:48.322Z] CLI Version:   8.10.0
[debug] [2020-09-12T22:14:48.322Z] Platform:      win32
[debug] [2020-09-12T22:14:48.322Z] Node Version:  v14.9.0
[debug] [2020-09-12T22:14:48.323Z] Time:          Sun Sep 13 2020 00:14:48 GMT+0200 (Eastern European Standard Time)
[debug] [2020-09-12T22:14:48.324Z] ----------------------------------------------------------------------
[debug] [2020-09-12T22:14:48.324Z] 
[debug] [2020-09-12T22:14:48.330Z] > command requires scopes: ["email","openid","https://www.googleapis.com/auth/cloudplatformprojects.readonly","https://www.googleapis.com/auth/firebase","https://www.googleapis.com/auth/cloud-platform"]
[debug] [2020-09-12T22:14:48.331Z] > authorizing via signed-in user
[debug] [2020-09-12T22:14:48.331Z] [iam] checking project cl-28a79 for permissions ["firebase.projects.get"]
[debug] [2020-09-12T22:14:48.334Z] >>> HTTP REQUEST POST https://cloudresourcemanager.googleapis.com/v1/projects/cl-28a79:testIamPermissions  
 {"permissions":["firebase.projects.get"]}
[debug] [2020-09-12T22:14:48.948Z] <<< HTTP RESPONSE 200 {"content-type":"application/json; charset=UTF-8","vary":"X-Origin, Referer, Origin,Accept-Encoding","date":"Sat, 12 Sep 2020 22:14:49 GMT","server":"ESF","cache-control":"private","x-xss-protection":"0","x-frame-options":"SAMEORIGIN","x-content-type-options":"nosniff","server-timing":"gfet4t7; dur=134","alt-svc":"h3-29=\":443\"; ma=2592000,h3-27=\":443\"; ma=2592000,h3-T051=\":443\"; ma=2592000,h3-T050=\":443\"; ma=2592000,h3-Q050=\":443\"; ma=2592000,h3-Q046=\":443\"; ma=2592000,h3-Q043=\":443\"; ma=2592000,quic=\":443\"; ma=2592000; v=\"46,43\"","accept-ranges":"none","transfer-encoding":"chunked"}
[debug] [2020-09-12T22:14:48.950Z] >>> HTTP REQUEST GET https://firebase.googleapis.com/v1beta1/projects/cl-28a79  
 
[debug] [2020-09-12T22:14:49.532Z] <<< HTTP RESPONSE 200 {"content-type":"application/json; charset=UTF-8","vary":"X-Origin, Referer, Origin,Accept-Encoding","date":"Sat, 12 Sep 2020 22:14:50 GMT","server":"ESF","cache-control":"private","x-xss-protection":"0","x-frame-options":"SAMEORIGIN","x-content-type-options":"nosniff","alt-svc":"h3-29=\":443\"; ma=2592000,h3-27=\":443\"; ma=2592000,h3-T051=\":443\"; ma=2592000,h3-T050=\":443\"; ma=2592000,h3-Q050=\":443\"; ma=2592000,h3-Q046=\":443\"; ma=2592000,h3-Q043=\":443\"; ma=2592000,quic=\":443\"; ma=2592000; v=\"46,43\"","accept-ranges":"none","transfer-encoding":"chunked"}
[debug] [2020-09-12T22:14:49.534Z] >>> HTTP REQUEST GET https://firebase.googleapis.com/v1beta1/projects/cl-28a79/webApps/-/config  
 
[debug] [2020-09-12T22:14:50.513Z] <<< HTTP RESPONSE 200 {"content-type":"application/json; charset=UTF-8","vary":"X-Origin, Referer, Origin,Accept-Encoding","date":"Sat, 12 Sep 2020 22:14:51 GMT","server":"ESF","cache-control":"private","x-xss-protection":"0","x-frame-options":"SAMEORIGIN","x-content-type-options":"nosniff","alt-svc":"h3-29=\":443\"; ma=2592000,h3-27=\":443\"; ma=2592000,h3-T051=\":443\"; ma=2592000,h3-T050=\":443\"; ma=2592000,h3-Q050=\":443\"; ma=2592000,h3-Q046=\":443\"; ma=2592000,h3-Q043=\":443\"; ma=2592000,quic=\":443\"; ma=2592000; v=\"46,43\"","accept-ranges":"none","transfer-encoding":"chunked"}
[info] i  hosting: Serving hosting files from: build {"metadata":{"emulator":{"name":"hosting"},"message":"Serving hosting files from: \u001b[1mbuild\u001b[22m"}}
[info] +  hosting: Local server: http://localhost:5000 {"metadata":{"emulator":{"name":"hosting"},"message":"Local server: \u001b[4m\u001b[1mhttp://localhost:5000\u001b[22m\u001b[24m"}}
